This is XeTeX, Version 3.14159265-2.6-0.999991 (TeX Live 2019/Debian) (preloaded format=xelatex 2021.5.9)  4 MAY 2022 23:04
entering extended mode
 restricted \write18 enabled.
 %&-line parsing enabled.
**Lenguage_Rapido.tex
(./Lenguage_Rapido.tex
LaTeX2e <2020-02-02> patch level 2
L3 programming layer <2020-02-14>
(/usr/share/texlive/texmf-dist/tex/latex/base/article.cls
Document Class: article 2019/12/20 v1.4l Standard LaTeX document class
(/usr/share/texlive/texmf-dist/tex/latex/base/size11.clo
File: size11.clo 2019/12/20 v1.4l Standard LaTeX file (size option)
)
\c@part=\count163
\c@section=\count164
\c@subsection=\count165
\c@subsubsection=\count166
\c@paragraph=\count167
\c@subparagraph=\count168
\c@figure=\count169
\c@table=\count170
\abovecaptionskip=\skip47
\belowcaptionskip=\skip48
\bibindent=\dimen134
) (./preamble.tex
(/usr/share/texlive/texmf-dist/tex/latex/amsmath/amsmath.sty
Package: amsmath 2020/01/20 v2.17e AMS math features
\@mathmargin=\skip49

For additional information on amsmath, use the `?' option.
(/usr/share/texlive/texmf-dist/tex/latex/amsmath/amstext.sty
Package: amstext 2000/06/29 v2.01 AMS text

(/usr/share/texlive/texmf-dist/tex/latex/amsmath/amsgen.sty
File: amsgen.sty 1999/11/30 v2.0 generic functions
\@emptytoks=\toks14
\ex@=\dimen135
))
(/usr/share/texlive/texmf-dist/tex/latex/amsmath/amsbsy.sty
Package: amsbsy 1999/11/29 v1.2d Bold Symbols
\pmbraise@=\dimen136
)
(/usr/share/texlive/texmf-dist/tex/latex/amsmath/amsopn.sty
Package: amsopn 2016/03/08 v2.02 operator names
)
\inf@bad=\count171
LaTeX Info: Redefining \frac on input line 227.
\uproot@=\count172
\leftroot@=\count173
LaTeX Info: Redefining \overline on input line 389.
\classnum@=\count174
\DOTSCASE@=\count175
LaTeX Info: Redefining \ldots on input line 486.
LaTeX Info: Redefining \dots on input line 489.
LaTeX Info: Redefining \cdots on input line 610.
\Mathstrutbox@=\box45
\strutbox@=\box46
\big@size=\dimen137
LaTeX Font Info:    Redeclaring font encoding OML on input line 733.
LaTeX Font Info:    Redeclaring font encoding OMS on input line 734.
\macc@depth=\count176
\c@MaxMatrixCols=\count177
\dotsspace@=\muskip16
\c@parentequation=\count178
\dspbrk@lvl=\count179
\tag@help=\toks15
\row@=\count180
\column@=\count181
\maxfields@=\count182
\andhelp@=\toks16
\eqnshift@=\dimen138
\alignsep@=\dimen139
\tagshift@=\dimen140
\tagwidth@=\dimen141
\totwidth@=\dimen142
\lineht@=\dimen143
\@envbody=\toks17
\multlinegap=\skip50
\multlinetaggap=\skip51
\mathdisplay@stack=\toks18
LaTeX Info: Redefining \[ on input line 2859.
LaTeX Info: Redefining \] on input line 2860.
)
(/usr/share/texlive/texmf-dist/tex/latex/algorithm2e/algorithm2e.sty
Invalid UTF-8 byte or sequence at line 284 replaced by U+FFFD.
Invalid UTF-8 byte or sequence at line 299 replaced by U+FFFD.
Invalid UTF-8 byte or sequence at line 550 replaced by U+FFFD.
Package: algorithm2e 2017/07/18 v5.2 algorithms environments
\c@AlgoLine=\count183

(/usr/share/texlive/texmf-dist/tex/latex/base/ifthen.sty
Package: ifthen 2014/09/29 v1.1c Standard LaTeX ifthen package (DPC)
)
\algocf@hangindent=\skip52

(/usr/share/texlive/texmf-dist/tex/latex/ifoddpage/ifoddpage.sty
Package: ifoddpage 2016/04/23 v1.1 Conditionals for odd/even page detection
\c@checkoddpage=\count184
)
(/usr/share/texlive/texmf-dist/tex/latex/tools/xspace.sty
Package: xspace 2014/10/28 v1.13 Space after command names (DPC,MH)
)
(/usr/share/texlive/texmf-dist/tex/latex/relsize/relsize.sty
Package: relsize 2013/03/29 ver 4.1
)
\skiptotal=\skip53
\skiplinenumber=\skip54
\skiprule=\skip55
\skiphlne=\skip56
\skiptext=\skip57
\skiplength=\skip58
\algomargin=\skip59
\skipalgocfslide=\skip60
\algowidth=\dimen144
\inoutsize=\dimen145
\inoutindent=\dimen146
\interspacetitleruled=\dimen147
\interspacealgoruled=\dimen148
\interspacetitleboxruled=\dimen149
\algocf@ruledwidth=\skip61
\algocf@inoutbox=\box47
\algocf@inputbox=\box48
\AlCapSkip=\skip62
\AlCapHSkip=\skip63
\algoskipindent=\skip64
\algocf@nlbox=\box49
\algocf@hangingbox=\box50
\algocf@untilbox=\box51
\algocf@skipuntil=\skip65
\algocf@capbox=\box52
\algocf@lcaptionbox=\skip66
\algoheightruledefault=\skip67
\algoheightrule=\skip68
\algotitleheightruledefault=\skip69
\algotitleheightrule=\skip70
\c@algocfline=\count185
\c@algocfproc=\count186
\c@algocf=\count187
\algocf@algoframe=\box53
\algocf@algobox=\box54
)
(/usr/share/texlive/texmf-dist/tex/latex/amsfonts/amsfonts.sty
Package: amsfonts 2013/01/14 v3.01 Basic AMSFonts support
\symAMSa=\mathgroup4
\symAMSb=\mathgroup5
LaTeX Font Info:    Redeclaring math symbol \hbar on input line 98.
LaTeX Font Info:    Overwriting math alphabet `\mathfrak' in version `bold'
(Font)                  U/euf/m/n --> U/euf/b/n on input line 106.
)
(/usr/share/texlive/texmf-dist/tex/latex/amsfonts/amssymb.sty
Package: amssymb 2013/01/14 v3.01 AMS font symbols
)
(/usr/share/texlive/texmf-dist/tex/latex/fontspec/fontspec.sty
(/usr/share/texlive/texmf-dist/tex/latex/l3packages/xparse/xparse.sty
(/usr/share/texlive/texmf-dist/tex/latex/l3kernel/expl3.sty
Package: expl3 2020-02-14 L3 programming layer (loader) 

(/usr/share/texlive/texmf-dist/tex/latex/l3backend/l3backend-xdvipdfmx.def
File: l3backend-xdvipdfmx.def 2020-02-03 L3 backend support: xdvipdfmx
\g__graphics_track_int=\count188
\l__pdf_internal_box=\box55
\g__pdf_backend_object_int=\count189
\g__pdf_backend_annotation_int=\count190
))
Package: xparse 2020-02-14 L3 Experimental document command parser
\l__xparse_current_arg_int=\count191
\g__xparse_grabber_int=\count192
\l__xparse_m_args_int=\count193
\l__xparse_v_nesting_int=\count194
)
Package: fontspec 2020/02/03 v2.7h Font selection for XeLaTeX and LuaLaTeX

(/usr/share/texlive/texmf-dist/tex/latex/fontspec/fontspec-xetex.sty
Package: fontspec-xetex 2020/02/03 v2.7h Font selection for XeLaTeX and LuaLaTe
X
\l__fontspec_script_int=\count195
\l__fontspec_language_int=\count196
\l__fontspec_strnum_int=\count197
\l__fontspec_tmp_int=\count198
\l__fontspec_tmpa_int=\count199
\l__fontspec_tmpb_int=\count266
\l__fontspec_tmpc_int=\count267
\l__fontspec_em_int=\count268
\l__fontspec_emdef_int=\count269
\l__fontspec_strong_int=\count270
\l__fontspec_strongdef_int=\count271
\l__fontspec_tmpa_dim=\dimen150
\l__fontspec_tmpb_dim=\dimen151
\l__fontspec_tmpc_dim=\dimen152

(/usr/share/texlive/texmf-dist/tex/latex/base/fontenc.sty
Package: fontenc 2020/02/11 v2.0o Standard LaTeX package
)
(/usr/share/texlive/texmf-dist/tex/latex/fontspec/fontspec.cfg)))
(/usr/share/texlive/texmf-dist/tex/latex/preprint/fullpage.sty
Package: fullpage 1999/02/23 1.1 (PWD)
\FP@margin=\skip71
)
(/usr/share/texlive/texmf-dist/tex/latex/graphics/graphicx.sty
Package: graphicx 2019/11/30 v1.2a Enhanced LaTeX Graphics (DPC,SPQR)

(/usr/share/texlive/texmf-dist/tex/latex/graphics/keyval.sty
Package: keyval 2014/10/28 v1.15 key=value parser (DPC)
\KV@toks@=\toks19
)
(/usr/share/texlive/texmf-dist/tex/latex/graphics/graphics.sty
Package: graphics 2019/11/30 v1.4a Standard LaTeX Graphics (DPC,SPQR)

(/usr/share/texlive/texmf-dist/tex/latex/graphics/trig.sty
Package: trig 2016/01/03 v1.10 sin cos tan (DPC)
)
(/usr/share/texlive/texmf-dist/tex/latex/graphics-cfg/graphics.cfg
File: graphics.cfg 2016/06/04 v1.11 sample graphics configuration
)
Package graphics Info: Driver file: xetex.def on input line 105.

(/usr/share/texlive/texmf-dist/tex/latex/graphics-def/xetex.def
File: xetex.def 2017/06/24 v5.0h Graphics/color driver for xetex
))
\Gin@req@height=\dimen153
\Gin@req@width=\dimen154
)
(/usr/share/texlive/texmf-dist/tex/latex/titlesec/titlesec.sty
Package: titlesec 2019/10/16 v2.13 Sectioning titles
\ttl@box=\box56
\beforetitleunit=\skip72
\aftertitleunit=\skip73
\ttl@plus=\dimen155
\ttl@minus=\dimen156
\ttl@toksa=\toks20
\titlewidth=\dimen157
\titlewidthlast=\dimen158
\titlewidthfirst=\dimen159
)
(/usr/share/texlive/texmf-dist/tex/latex/enumitem/enumitem.sty
Package: enumitem 2019/06/20 v3.9 Customized lists
\labelindent=\skip74
\enit@outerparindent=\dimen160
\enit@toks=\toks21
\enit@inbox=\box57
\enit@count@id=\count272
\enitdp@description=\count273
)
(/usr/share/texlive/texmf-dist/tex/latex/tools/multicol.sty
Package: multicol 2019/12/09 v1.8y multicolumn formatting (FMi)
\c@tracingmulticols=\count274
\mult@box=\box58
\multicol@leftmargin=\dimen161
\c@unbalance=\count275
\c@collectmore=\count276
\doublecol@number=\count277
\multicoltolerance=\count278
\multicolpretolerance=\count279
\full@width=\dimen162
\page@free=\dimen163
\premulticols=\dimen164
\postmulticols=\dimen165
\multicolsep=\skip75
\multicolbaselineskip=\skip76
\partial@page=\box59
\last@line=\box60
\maxbalancingoverflow=\dimen166
\mult@rightbox=\box61
\mult@grightbox=\box62
\mult@gfirstbox=\box63
\mult@firstbox=\box64
\@tempa=\box65
\@tempa=\box66
\@tempa=\box67
\@tempa=\box68
\@tempa=\box69
\@tempa=\box70
\@tempa=\box71
\@tempa=\box72
\@tempa=\box73
\@tempa=\box74
\@tempa=\box75
\@tempa=\box76
\@tempa=\box77
\@tempa=\box78
\@tempa=\box79
\@tempa=\box80
\@tempa=\box81
\@tempa=\box82
\@tempa=\box83
\@tempa=\box84
\@tempa=\box85
\@tempa=\box86
\@tempa=\box87
\@tempa=\box88
\@tempa=\box89
\@tempa=\box90
\@tempa=\box91
\@tempa=\box92
\@tempa=\box93
\@tempa=\box94
\@tempa=\box95
\@tempa=\box96
\@tempa=\box97
\@tempa=\box98
\@tempa=\box99
\@tempa=\box100
\@tempa=\box101
\c@minrows=\count280
\c@columnbadness=\count281
\c@finalcolumnbadness=\count282
\last@try=\dimen167
\multicolovershoot=\dimen168
\multicolundershoot=\dimen169
\mult@nat@firstbox=\box102
\colbreak@box=\box103
\mc@col@check@num=\count283
)
(/usr/share/texlive/texmf-dist/tex/latex/doublestroke/dsfont.sty
Package: dsfont 1995/08/01 v0.1 Double stroke roman fonts
)
(/usr/share/texlive/texmf-dist/tex/latex/xcolor/xcolor.sty
Package: xcolor 2016/05/11 v2.12 LaTeX color extensions (UK)

(/usr/share/texlive/texmf-dist/tex/latex/graphics-cfg/color.cfg
File: color.cfg 2016/01/02 v1.6 sample color configuration
)
Package xcolor Info: Driver file: xetex.def on input line 225.
Package xcolor Info: Model `cmy' substituted by `cmy0' on input line 1348.
Package xcolor Info: Model `RGB' extended on input line 1364.
Package xcolor Info: Model `HTML' substituted by `rgb' on input line 1366.
Package xcolor Info: Model `Hsb' substituted by `hsb' on input line 1367.
Package xcolor Info: Model `tHsb' substituted by `hsb' on input line 1368.
Package xcolor Info: Model `HSB' substituted by `hsb' on input line 1369.
Package xcolor Info: Model `Gray' substituted by `gray' on input line 1370.
Package xcolor Info: Model `wave' substituted by `hsb' on input line 1371.
)
(/usr/share/texlive/texmf-dist/tex/latex/url/url.sty
\Urlmuskip=\muskip17
Package: url 2013/09/16  ver 3.4  Verb mode for urls, etc.
)
(/usr/share/texlive/texmf-dist/tex/latex/listings/listings.sty
\lst@mode=\count284
\lst@gtempboxa=\box104
\lst@token=\toks22
\lst@length=\count285
\lst@currlwidth=\dimen170
\lst@column=\count286
\lst@pos=\count287
\lst@lostspace=\dimen171
\lst@width=\dimen172
\lst@newlines=\count288
\lst@lineno=\count289
\lst@maxwidth=\dimen173

(/usr/share/texlive/texmf-dist/tex/latex/listings/lstmisc.sty
File: lstmisc.sty 2019/09/10 1.8c (Carsten Heinz)
\c@lstnumber=\count290
\lst@skipnumbers=\count291
\lst@framebox=\box105
)
(/usr/share/texlive/texmf-dist/tex/latex/listings/listings.cfg
File: listings.cfg 2019/09/10 1.8c listings configuration
))
Package: listings 2019/09/10 1.8c (Carsten Heinz)

Package fontspec Info: Font family 'Century_modern.ttf(0)' created for font
(fontspec)             'Century_modern.ttf' with options
(fontspec)             [Ligatures=TeX,BoldFont = bodonibi,ItalicFont = Century
(fontspec)             modern italic2.ttf,BoldItalicFont =
(fontspec)             bodonibi,SmallCapsFont = lmromancaps10-regular.otf].
(fontspec)              
(fontspec)              This font family consists of the following NFSS
(fontspec)             series/shapes:
(fontspec)              
(fontspec)             - 'normal' (m/n) with NFSS spec.:
(fontspec)             <->"[Century_modern.ttf]/OT:script=latn;language=dflt;ma
pping=tex-text;"
(fontspec)             - 'small caps'  (m/sc) with NFSS spec.:
(fontspec)             <->"[lmromancaps10-regular.otf]/OT:script=latn;language=
dflt;mapping=tex-text;"
(fontspec)             - 'bold' (b/n) with NFSS spec.:
(fontspec)             <->"[bodonibi.ttf]/OT:script=latn;language=dflt;mapping=
tex-text;"
(fontspec)             - 'bold small caps'  (b/sc) with NFSS spec.:
(fontspec)             <->"[lmromancaps10-regular.otf]/OT:script=latn;language=
dflt;mapping=tex-text;"
(fontspec)             - 'italic' (m/it) with NFSS spec.: <->"[Century modern
(fontspec)             italic2.ttf]/OT:script=latn;language=dflt;mapping=tex-te
xt;"
(fontspec)             - 'italic small caps'  (m/scit) with NFSS spec.:
(fontspec)             <->"[lmromancaps10-regular.otf]/OT:script=latn;language=
dflt;mapping=tex-text;"
(fontspec)             - 'bold italic' (b/it) with NFSS spec.:
(fontspec)             <->"[bodonibi.ttf]/OT:script=latn;language=dflt;mapping=
tex-text;"
(fontspec)             - 'bold italic small caps'  (b/scit) with NFSS spec.:
(fontspec)             <->"[lmromancaps10-regular.otf]/OT:script=latn;language=
dflt;mapping=tex-text;"

\symitalics=\mathgroup6
LaTeX Font Info:    Redeclaring math alphabet \mathit on input line 41.

(/usr/share/texlive/texmf-dist/tex/latex/tocbibind/tocbibind.sty
Package: tocbibind 2010/10/13 v1.5k extra ToC listings
Package tocbibind Info: The document has section divisions on input line 50.


Package tocbibind Note: Using section or other style headings.

)) (./Lenguage_Rapido.aux

LaTeX Warning: Label `tab:nuevo_modelo' multiply defined.

)
\openout1 = `Lenguage_Rapido.aux'.

LaTeX Font Info:    Checking defaults for OML/cmm/m/it on input line 3.
LaTeX Font Info:    ... okay on input line 3.
LaTeX Font Info:    Checking defaults for OMS/cmsy/m/n on input line 3.
LaTeX Font Info:    ... okay on input line 3.
LaTeX Font Info:    Checking defaults for OT1/cmr/m/n on input line 3.
LaTeX Font Info:    ... okay on input line 3.
LaTeX Font Info:    Checking defaults for T1/cmr/m/n on input line 3.
LaTeX Font Info:    ... okay on input line 3.
LaTeX Font Info:    Checking defaults for TS1/cmr/m/n on input line 3.
LaTeX Font Info:    Trying to load font information for TS1+cmr on input line 3
.
 (/usr/share/texlive/texmf-dist/tex/latex/base/ts1cmr.fd
File: ts1cmr.fd 2019/12/16 v2.5j Standard LaTeX font definitions
)
LaTeX Font Info:    ... okay on input line 3.
LaTeX Font Info:    Checking defaults for TU/lmr/m/n on input line 3.
LaTeX Font Info:    ... okay on input line 3.
LaTeX Font Info:    Checking defaults for OMX/cmex/m/n on input line 3.
LaTeX Font Info:    ... okay on input line 3.
LaTeX Font Info:    Checking defaults for U/cmr/m/n on input line 3.
LaTeX Font Info:    ... okay on input line 3.

Package fontspec Info: Adjusting the maths setup (use [no-math] to avoid
(fontspec)             this).

\symlegacymaths=\mathgroup7
LaTeX Font Info:    Overwriting symbol font `legacymaths' in version `bold'
(Font)                  OT1/cmr/m/n --> OT1/cmr/bx/n on input line 3.
LaTeX Font Info:    Redeclaring math accent \acute on input line 3.
LaTeX Font Info:    Redeclaring math accent \grave on input line 3.
LaTeX Font Info:    Redeclaring math accent \ddot on input line 3.
LaTeX Font Info:    Redeclaring math accent \tilde on input line 3.
LaTeX Font Info:    Redeclaring math accent \bar on input line 3.
LaTeX Font Info:    Redeclaring math accent \breve on input line 3.
LaTeX Font Info:    Redeclaring math accent \check on input line 3.
LaTeX Font Info:    Redeclaring math accent \hat on input line 3.
LaTeX Font Info:    Redeclaring math accent \dot on input line 3.
LaTeX Font Info:    Redeclaring math accent \mathring on input line 3.
LaTeX Font Info:    Redeclaring math symbol \Gamma on input line 3.
LaTeX Font Info:    Redeclaring math symbol \Delta on input line 3.
LaTeX Font Info:    Redeclaring math symbol \Theta on input line 3.
LaTeX Font Info:    Redeclaring math symbol \Lambda on input line 3.
LaTeX Font Info:    Redeclaring math symbol \Xi on input line 3.
LaTeX Font Info:    Redeclaring math symbol \Pi on input line 3.
LaTeX Font Info:    Redeclaring math symbol \Sigma on input line 3.
LaTeX Font Info:    Redeclaring math symbol \Upsilon on input line 3.
LaTeX Font Info:    Redeclaring math symbol \Phi on input line 3.
LaTeX Font Info:    Redeclaring math symbol \Psi on input line 3.
LaTeX Font Info:    Redeclaring math symbol \Omega on input line 3.
LaTeX Font Info:    Redeclaring math symbol \mathdollar on input line 3.
LaTeX Font Info:    Redeclaring symbol font `operators' on input line 3.
LaTeX Font Info:    Encoding `OT1' has changed to `TU' for symbol font
(Font)              `operators' in the math version `normal' on input line 3.
LaTeX Font Info:    Overwriting symbol font `operators' in version `normal'
(Font)                  OT1/cmr/m/n --> TU/Century_modern.ttf(0)/m/n on input l
ine 3.
LaTeX Font Info:    Encoding `OT1' has changed to `TU' for symbol font
(Font)              `operators' in the math version `bold' on input line 3.
LaTeX Font Info:    Overwriting symbol font `operators' in version `bold'
(Font)                  OT1/cmr/bx/n --> TU/Century_modern.ttf(0)/m/n on input 
line 3.
LaTeX Font Info:    Overwriting symbol font `operators' in version `normal'
(Font)                  TU/Century_modern.ttf(0)/m/n --> TU/Century_modern.ttf(
0)/m/n on input line 3.
LaTeX Font Info:    Overwriting math alphabet `\mathit' in version `normal'
(Font)                  TU/Century_modern.ttf(0)/m/it --> TU/Century_modern.ttf
(0)/m/it on input line 3.
LaTeX Font Info:    Overwriting math alphabet `\mathbf' in version `normal'
(Font)                  OT1/cmr/bx/n --> TU/Century_modern.ttf(0)/b/n on input 
line 3.
LaTeX Font Info:    Overwriting math alphabet `\mathsf' in version `normal'
(Font)                  OT1/cmss/m/n --> TU/lmss/m/n on input line 3.
LaTeX Font Info:    Overwriting math alphabet `\mathtt' in version `normal'
(Font)                  OT1/cmtt/m/n --> TU/lmtt/m/n on input line 3.
LaTeX Font Info:    Overwriting symbol font `operators' in version `bold'
(Font)                  TU/Century_modern.ttf(0)/m/n --> TU/Century_modern.ttf(
0)/b/n on input line 3.
LaTeX Font Info:    Overwriting math alphabet `\mathit' in version `bold'
(Font)                  TU/Century_modern.ttf(0)/m/it --> TU/Century_modern.ttf
(0)/b/it on input line 3.
LaTeX Font Info:    Overwriting math alphabet `\mathsf' in version `bold'
(Font)                  OT1/cmss/bx/n --> TU/lmss/b/n on input line 3.
LaTeX Font Info:    Overwriting math alphabet `\mathtt' in version `bold'
(Font)                  OT1/cmtt/m/n --> TU/lmtt/b/n on input line 3.
\c@lstlisting=\count292

Package fontspec Info: Font family 'Century_modern.ttf(1)' created for font
(fontspec)             'Century_modern.ttf' with options
(fontspec)             [Ligatures=TeX,BoldFont = bodonibi,ItalicFont = Century
(fontspec)             modern italic2.ttf,BoldItalicFont =
(fontspec)             bodonibi,SmallCapsFont =
(fontspec)             lmromancaps10-regular.otf,LetterSpace=-5].
(fontspec)              
(fontspec)              This font family consists of the following NFSS
(fontspec)             series/shapes:
(fontspec)              
(fontspec)             - 'normal' (m/n) with NFSS spec.:
(fontspec)             <->"[Century_modern.ttf]/OT:script=latn;language=dflt;le
tterspace=-5;mapping=tex-text;"
(fontspec)             - 'small caps'  (m/sc) with NFSS spec.:
(fontspec)             <->"[lmromancaps10-regular.otf]/OT:script=latn;language=
dflt;letterspace=-5;mapping=tex-text;"
(fontspec)             - 'bold' (b/n) with NFSS spec.:
(fontspec)             <->"[bodonibi.ttf]/OT:script=latn;language=dflt;lettersp
ace=-5;mapping=tex-text;"
(fontspec)             - 'bold small caps'  (b/sc) with NFSS spec.:
(fontspec)             <->"[lmromancaps10-regular.otf]/OT:script=latn;language=
dflt;letterspace=-5;mapping=tex-text;"
(fontspec)             - 'italic' (m/it) with NFSS spec.: <->"[Century modern
(fontspec)             italic2.ttf]/OT:script=latn;language=dflt;letterspace=-5
;mapping=tex-text;"
(fontspec)             - 'italic small caps'  (m/scit) with NFSS spec.:
(fontspec)             <->"[lmromancaps10-regular.otf]/OT:script=latn;language=
dflt;letterspace=-5;mapping=tex-text;"
(fontspec)             - 'bold italic' (b/it) with NFSS spec.:
(fontspec)             <->"[bodonibi.ttf]/OT:script=latn;language=dflt;lettersp
ace=-5;mapping=tex-text;"
(fontspec)             - 'bold italic small caps'  (b/scit) with NFSS spec.:
(fontspec)             <->"[lmromancaps10-regular.otf]/OT:script=latn;language=
dflt;letterspace=-5;mapping=tex-text;"

File: IMAGENES/logo_uaa.png Graphic file (type bmp)
<IMAGENES/logo_uaa.png>
 [1

]
(./Lenguage_Rapido.toc
LaTeX Font Info:    Trying to load font information for U+msa on input line 2.

(/usr/share/texlive/texmf-dist/tex/latex/amsfonts/umsa.fd
File: umsa.fd 2013/01/14 v3.01 AMS symbols A
)
LaTeX Font Info:    Trying to load font information for U+msb on input line 2.

(/usr/share/texlive/texmf-dist/tex/latex/amsfonts/umsb.fd
File: umsb.fd 2013/01/14 v3.01 AMS symbols B
))
\tf@toc=\write3
\openout3 = `Lenguage_Rapido.toc'.

 [1]
Overfull \hbox (28.96255pt too wide) in paragraph at lines 23--50
[]$  $[]$   $[]$ 
 []

[2]
Overfull \hbox (7.39854pt too wide) in paragraph at lines 73--74
[]\TU/Century_modern.ttf(1)/m/it/10.95 Niveles de Factor Controlable (tratamien
tos): \TU/Century_modern.ttf(1)/m/n/10.95 Categorías disponibles del factor con
trolable ($[][]\OML/cmm/m/it/10.95 ;  [] ;  [][]$\TU/Century_modern.ttf(1)/m/n/
10.95 ). 
 []

[3]
Overfull \hbox (16.27037pt too wide) in paragraph at lines 97--120
[]$[]$  $[]$ 
 []

LaTeX Font Info:    Trying to load font information for U+dsrom on input line 1
25.
(/usr/share/texlive/texmf-dist/tex/latex/doublestroke/Udsrom.fd
File: Udsrom.fd 1995/08/01 v0.1 Double stroke roman font definitions
) [4]
Underfull \hbox (badness 10000) in paragraph at lines 184--184

 []


Overfull \hbox (6.79999pt too wide) in paragraph at lines 183--187
[] 
 []


Overfull \hbox (15.90536pt too wide) in paragraph at lines 230--244
[]$  $[]$ 
 []

[5]
File: IMAGENES/2/tikz.pdf Graphic file (type pdf)
<use IMAGENES/2/tikz.pdf>

Underfull \hbox (badness 10000) in paragraph at lines 280--289
[] \TU/lmtt/m/n/10.95 Intel®Pentium(R) CPU N3540
 []


Underfull \hbox (badness 10000) in paragraph at lines 280--289
[] \TU/lmtt/m/n/10.95 500GB 5400 rpm 2.5" SATA II
 []


Underfull \hbox (badness 10000) in paragraph at lines 280--289
[] \TU/lmtt/m/n/10.95 Intel Atom Processor
 []


Underfull \hbox (badness 10000) in paragraph at lines 280--289
\TU/lmtt/m/n/10.95 Z36xxx/Z37xxx Series Graphics &
 []


Underfull \hbox (badness 4303) in paragraph at lines 280--289
\TU/Century_modern.ttf(1)/m/n/10.95 El resto de características físicas del equ
ipo de
 []


Underfull \hbox (badness 10000) in paragraph at lines 294--304
[] \TU/lmtt/m/n/10.95 (GNU/Linux) Ubuntu
 []


Underfull \hbox (badness 1715) in paragraph at lines 294--304
\TU/Century_modern.ttf(1)/m/n/10.95 El equipo de cómputo tenía \TU/lmtt/m/n/10.
95 44min \TU/Century_modern.ttf(1)/m/n/10.95 encendido al
 []


Overfull \hbox (15.90538pt too wide) in paragraph at lines 276--305
$[]$  $[]$ 
 []

[6]
File: IMAGENES/1/caracteristicas_equipo.png Graphic file (type bmp)
<IMAGENES/1/caracteristicas_equipo.png>
File: IMAGENES/3/time.png Graphic file (type bmp)
<IMAGENES/3/time.png>
 [7]
File: IMAGENES/3/incertidumbre.png Graphic file (type bmp)
<IMAGENES/3/incertidumbre.png>

Underfull \hbox (badness 10000) in paragraph at lines 349--351

 []


Overfull \hbox (49.12173pt too wide) in paragraph at lines 390--391
[][][][][][][]\TU/Century_modern.ttf(1)/m/n/10.95 . 
 []

[8]
Overfull \hbox (9.3185pt too wide) in paragraph at lines 424--428
[]
 []


Overfull \hbox (9.3185pt too wide) in paragraph at lines 447--451
[]
 []


Overfull \hbox (9.3185pt too wide) in paragraph at lines 469--473
[]
 []


Overfull \hbox (9.3185pt too wide) in paragraph at lines 496--502
[]
 []

[9]
File: IMAGENES/6/1_sin_procesos.png Graphic file (type bmp)
<IMAGENES/6/1_sin_procesos.png>
 [10]
File: IMAGENES/6/4_sublime_text.png Graphic file (type bmp)
<IMAGENES/6/4_sublime_text.png>
File: IMAGENES/6/6_firefox_web.png Graphic file (type bmp)
<IMAGENES/6/6_firefox_web.png>
File: IMAGENES/6/8_firefox_video.png Graphic file (type bmp)
<IMAGENES/6/8_firefox_video.png>

Overfull \hbox (10.9074pt too wide) in paragraph at lines 531--539
[]\TU/Century_modern.ttf(1)/m/n/10.95 Se elige la plataforma de Youtube en el v
ideo \TU/lmtt/m/n/10.95 https://www.youtube.com/watch?v=grBFMP3HDZA\TU/Century_
modern.ttf(1)/m/n/10.95 .
 []


Underfull \hbox (badness 10000) in paragraph at lines 545--547

 []

[11] (/usr/share/texlive/texmf-dist/tex/latex/listings/lstlang1.sty
File: lstlang1.sty 2019/09/10 1.8c listings language file
)
(/usr/share/texlive/texmf-dist/tex/latex/listings/lstlang1.sty
File: lstlang1.sty 2019/09/10 1.8c listings language file
)
Underfull \hbox (badness 1838) in paragraph at lines 555--556
\TU/Century_modern.ttf(1)/m/n/10.95 Se realiza la compilación de cada archivo f
uente
 []


Underfull \hbox (badness 1603) in paragraph at lines 559--560
\TU/Century_modern.ttf(1)/m/n/10.95 que toma el archivo ejecutable [][][][][][]

 []


Overfull \hbox (15.90538pt too wide) in paragraph at lines 548--593
[]$  $[]$ 
 []

[12]
Overfull \hbox (7.03041pt too wide) in paragraph at lines 606--614
 [][] 
 []

File: IMAGENES/9/RPlots.pdf Graphic file (type pdf)
<use IMAGENES/9/RPlots.pdf, page 1>

Underfull \hbox (badness 1297) in paragraph at lines 633--634
[]\TU/lmtt/m/n/10.95 Python \TU/Century_modern.ttf(1)/m/n/10.95 presenta una ma
yor
 []


Underfull \hbox (badness 4108) in paragraph at lines 633--634
\TU/Century_modern.ttf(1)/m/n/10.95 variabilidad que el resto de
 []


Overfull \hbox (1.679pt too wide) in paragraph at lines 625--637
$[]$ $[]$ 
 []

[13]
Overfull \hbox (5.7362pt too wide) in paragraph at lines 661--671
 [][] 
 []


Overfull \hbox (24.86235pt too wide) detected at line 680
[]
 []


Overfull \hbox (45.963pt too wide) detected at line 696
[]
 []


Overfull \hbox (6.78021pt too wide) in paragraph at lines 706--715
 [][] 
 []


Overfull \hbox (24.86235pt too wide) detected at line 723
[]
 []


Overfull \hbox (45.963pt too wide) detected at line 730
[]
 []

[14]
Overfull \hbox (24.86235pt too wide) detected at line 760
[]
 []

(/usr/share/texlive/texmf-dist/tex/latex/listings/lstlang1.sty
File: lstlang1.sty 2019/09/10 1.8c listings language file
)
(/usr/share/texlive/texmf-dist/tex/latex/listings/lstlang2.sty
File: lstlang2.sty 2019/09/10 1.8c listings language file
)
(/usr/share/texlive/texmf-dist/tex/latex/listings/lstlang3.sty
File: lstlang3.sty 2019/09/10 1.8c listings language file
) [15]
(./Lenguage_Rapido.bbl
Underfull \hbox (badness 2318) in paragraph at lines 4--8
[]\TU/Century_modern.ttf(1)/m/n/10.95 Brian Eastwood.  The 10 most popular prog
ramming languages, 2020.  $[][][][][] [] [] [] [][][] []
 []


Underfull \hbox (badness 10000) in paragraph at lines 10--14
[]\TU/Century_modern.ttf(1)/m/n/10.95 Taylor Karl.  7 programming languages for
 beginner develop-
 []


Underfull \hbox (badness 10000) in paragraph at lines 10--14
\TU/Century_modern.ttf(1)/m/n/10.95 ers, 2021.  $[][][][][] [] [] [] [][][][][]
[][][][][][][][][] [] [][][] [] [][][][][][][][][] [] [][][][] []
 []


Underfull \hbox (badness 1112) in paragraph at lines 21--24
[]\TU/Century_modern.ttf(1)/m/n/10.95 Marco Couto and Rui Pereira.  Rosseta exa
mples, 30 Nov 2020.  $[][][][][] [] [] [] [][][][][][] [] [][][] []
 []


Underfull \hbox (badness 1540) in paragraph at lines 46--50
[]\TU/Century_modern.ttf(1)/m/n/10.95 Dell Technologies.  Soporte para inspiron
 3147, 2015.  $[][][][][] [] [] [] [][] [] [][][][] [] [][][] [] [][][][][][][]
 []
 []


Underfull \hbox (badness 10000) in paragraph at lines 46--50
[][][][][][][][][][][][][] [] [][][][][][] [] [][][][][][] [] [][][][][][] [] [
][][][][][][][] [] [][][][][][] [] [][][][][][][][][][][][][][][][][][][][][][]
[][][][] []
 []


Underfull \hbox (badness 2573) in paragraph at lines 63--67
[]\TU/Century_modern.ttf(1)/m/n/10.95 Wikipedia.  Modos de operación de la unid
ad central de procesamiento, 2021.  $[][][][][] []
 []


Underfull \hbox (badness 10000) in paragraph at lines 63--67
[] [] [][] [] [][][][][][][][][] [] [][][] [] [][][][] [] [][][][][] [] [][] []
 [][][][][][][] [] [][] [] [][][] [] [][] [] [][] [] [][][][][][] [] [][][][][]
[][] [] [][] []
 []

) [16] (./Lenguage_Rapido.aux)

LaTeX Warning: There were multiply-defined labels.

 ) 
Here is how much of TeX's memory you used:
 9311 strings out of 481772
 188814 string characters out of 5936452
 683538 words of memory out of 5000000
 26147 multiletter control sequences out of 15000+600000
 539936 words of font info for 91 fonts, out of 8000000 for 9000
 14 hyphenation exceptions out of 8191
 46i,21n,69p,477b,1667s stack positions out of 5000i,500n,10000p,200000b,80000s

Output written on Lenguage_Rapido.pdf (17 pages).
